{"total": {"lines":{"total":975,"covered":971,"skipped":0,"pct":99.58},"statements":{"total":975,"covered":971,"skipped":0,"pct":99.58},"functions":{"total":36,"covered":34,"skipped":0,"pct":94.44},"branches":{"total":324,"covered":306,"skipped":0,"pct":94.44},"branchesTrue":{"total":0,"covered":0,"skipped":0,"pct":"Unknown"}}
,"/Users/zairo/Desktop/whatsapp/whatsapp-mobile/src/features/chat/screens/ConversationListScreen.tsx": {"lines":{"total":955,"covered":951,"skipped":0,"pct":99.58},"functions":{"total":33,"covered":31,"skipped":0,"pct":93.93},"statements":{"total":955,"covered":951,"skipped":0,"pct":99.58},"branches":{"total":312,"covered":294,"skipped":0,"pct":94.23}}
,"/Users/zairo/Desktop/whatsapp/whatsapp-mobile/src/features/chat/screens/conversationListScreen.utils.ts": {"lines":{"total":20,"covered":20,"skipped":0,"pct":100},"functions":{"total":3,"covered":3,"skipped":0,"pct":100},"statements":{"total":20,"covered":20,"skipped":0,"pct":100},"branches":{"total":12,"covered":12,"skipped":0,"pct":100}}
}
